-- Install configuration: ""
-- Up-to-date: /home/akash/ros2_ws/install/simple_car/share/simple_car//launch
-- Installing: /home/akash/ros2_ws/install/simple_car/share/simple_car//launch/sim_car.launch.py
-- Up-to-date: /home/akash/ros2_ws/install/simple_car/share/simple_car//urdf
-- Installing: /home/akash/ros2_ws/install/simple_car/share/simple_car//urdf/simple_car.urdf
-- Up-to-date: /home/akash/ros2_ws/install/simple_car/share/ament_index/resource_index/package_run_dependencies/simple_car
-- Up-to-date: /home/akash/ros2_ws/install/simple_car/share/ament_index/resource_index/parent_prefix_path/simple_car
-- Up-to-date: /home/akash/ros2_ws/install/simple_car/share/simple_car/environment/ament_prefix_path.sh
-- Up-to-date: /home/akash/ros2_ws/install/simple_car/share/simple_car/environment/ament_prefix_path.dsv
-- Up-to-date: /home/akash/ros2_ws/install/simple_car/share/simple_car/environment/path.sh
-- Up-to-date: /home/akash/ros2_ws/install/simple_car/share/simple_car/environment/path.dsv
-- Up-to-date: /home/akash/ros2_ws/install/simple_car/share/simple_car/local_setup.bash
-- Up-to-date: /home/akash/ros2_ws/install/simple_car/share/simple_car/local_setup.sh
-- Up-to-date: /home/akash/ros2_ws/install/simple_car/share/simple_car/local_setup.zsh
-- Up-to-date: /home/akash/ros2_ws/install/simple_car/share/simple_car/local_setup.dsv
-- Up-to-date: /home/akash/ros2_ws/install/simple_car/share/simple_car/package.dsv
-- Up-to-date: /home/akash/ros2_ws/install/simple_car/share/ament_index/resource_index/packages/simple_car
-- Up-to-date: /home/akash/ros2_ws/install/simple_car/share/simple_car/cmake/simple_carConfig.cmake
-- Up-to-date: /home/akash/ros2_ws/install/simple_car/share/simple_car/cmake/simple_carConfig-version.cmake
-- Up-to-date: /home/akash/ros2_ws/install/simple_car/share/simple_car/package.xml
