[0.007s] Invoking command in '/home/akash/ros2_ws/build/simple_car': CMAKE_PREFIX_PATH=${CMAKE_PREFIX_PATH}:/opt/ros/humble /usr/bin/cmake --build /home/akash/ros2_ws/build/simple_car -- -j12 -l12
[0.031s] Invoked command in '/home/akash/ros2_ws/build/simple_car' returned '0': CMAKE_PREFIX_PATH=${CMAKE_PREFIX_PATH}:/opt/ros/humble /usr/bin/cmake --build /home/akash/ros2_ws/build/simple_car -- -j12 -l12
[0.050s] Invoking command in '/home/akash/ros2_ws/build/simple_car': CMAKE_PREFIX_PATH=${CMAKE_PREFIX_PATH}:/opt/ros/humble /usr/bin/cmake --install /home/akash/ros2_ws/build/simple_car
[0.055s] -- Install configuration: ""
[0.055s] -- Up-to-date: /home/akash/ros2_ws/install/simple_car/share/simple_car//launch
[0.055s] -- Installing: /home/akash/ros2_ws/install/simple_car/share/simple_car//launch/sim_car.launch.py
[0.055s] -- Up-to-date: /home/akash/ros2_ws/install/simple_car/share/simple_car//urdf
[0.055s] -- Installing: /home/akash/ros2_ws/install/simple_car/share/simple_car//urdf/simple_car.urdf
[0.055s] -- Up-to-date: /home/akash/ros2_ws/install/simple_car/share/ament_index/resource_index/package_run_dependencies/simple_car
[0.055s] -- Up-to-date: /home/akash/ros2_ws/install/simple_car/share/ament_index/resource_index/parent_prefix_path/simple_car
[0.055s] -- Up-to-date: /home/akash/ros2_ws/install/simple_car/share/simple_car/environment/ament_prefix_path.sh
[0.055s] -- Up-to-date: /home/akash/ros2_ws/install/simple_car/share/simple_car/environment/ament_prefix_path.dsv
[0.055s] -- Up-to-date: /home/akash/ros2_ws/install/simple_car/share/simple_car/environment/path.sh
[0.055s] -- Up-to-date: /home/akash/ros2_ws/install/simple_car/share/simple_car/environment/path.dsv
[0.055s] -- Up-to-date: /home/akash/ros2_ws/install/simple_car/share/simple_car/local_setup.bash
[0.055s] -- Up-to-date: /home/akash/ros2_ws/install/simple_car/share/simple_car/local_setup.sh
[0.055s] -- Up-to-date: /home/akash/ros2_ws/install/simple_car/share/simple_car/local_setup.zsh
[0.055s] -- Up-to-date: /home/akash/ros2_ws/install/simple_car/share/simple_car/local_setup.dsv
[0.055s] -- Installing: /home/akash/ros2_ws/install/simple_car/share/simple_car/package.dsv
[0.055s] -- Up-to-date: /home/akash/ros2_ws/install/simple_car/share/ament_index/resource_index/packages/simple_car
[0.055s] -- Up-to-date: /home/akash/ros2_ws/install/simple_car/share/simple_car/cmake/simple_carConfig.cmake
[0.056s] -- Up-to-date: /home/akash/ros2_ws/install/simple_car/share/simple_car/cmake/simple_carConfig-version.cmake
[0.056s] -- Up-to-date: /home/akash/ros2_ws/install/simple_car/share/simple_car/package.xml
[0.056s] Invoked command in '/home/akash/ros2_ws/build/simple_car' returned '0': CMAKE_PREFIX_PATH=${CMAKE_PREFIX_PATH}:/opt/ros/humble /usr/bin/cmake --install /home/akash/ros2_ws/build/simple_car
