[0.006s] Invoking command in '/home/akash/ros2_ws/build/simple_car': CMAKE_PREFIX_PATH=${CMAKE_PREFIX_PATH}:/opt/ros/humble /usr/bin/cmake /home/akash/ros2_ws/src/simple_car -DCMAKE_INSTALL_PREFIX=/home/akash/ros2_ws/install/simple_car
[0.042s] -- The C compiler identification is GNU 11.4.0
[0.087s] -- The CXX compiler identification is GNU 11.4.0
[0.093s] -- Detecting C compiler ABI info
[0.174s] -- Detecting C compiler ABI info - done
[0.179s] -- Check for working C compiler: /usr/bin/cc - skipped
[0.180s] -- Detecting C compile features
[0.180s] -- Detecting C compile features - done
[0.182s] -- Detecting CXX compiler ABI info
[0.248s] -- Detecting CXX compiler ABI info - done
[0.253s] -- Check for working CXX compiler: /usr/bin/c++ - skipped
[0.253s] -- Detecting CXX compile features
[0.254s] -- Detecting CXX compile features - done
[0.256s] -- Found ament_cmake: 1.3.10 (/opt/ros/humble/share/ament_cmake/cmake)
[0.361s] -- Found Python3: /usr/bin/python3 (found version "3.10.12") found components: Interpreter 
[0.433s] -- Found rclpy: 3.3.14 (/opt/ros/humble/share/rclpy/cmake)
[0.434s] -- Found ament_lint_auto: 0.12.11 (/opt/ros/humble/share/ament_lint_auto/cmake)
[0.493s] -- Added test 'flake8' to check Python code syntax and style conventions
[0.493s] -- Added test 'lint_cmake' to check CMake code style
[0.493s] -- Added test 'pep257' to check Python code against some of the docstring style conventions in PEP 257
[0.494s] -- Added test 'xmllint' to check XML markup files
[0.495s] -- Configuring done
[0.497s] -- Generating done
[0.498s] -- Build files have been written to: /home/akash/ros2_ws/build/simple_car
[0.502s] Invoked command in '/home/akash/ros2_ws/build/simple_car' returned '0': CMAKE_PREFIX_PATH=${CMAKE_PREFIX_PATH}:/opt/ros/humble /usr/bin/cmake /home/akash/ros2_ws/src/simple_car -DCMAKE_INSTALL_PREFIX=/home/akash/ros2_ws/install/simple_car
[0.503s] Invoking command in '/home/akash/ros2_ws/build/simple_car': CMAKE_PREFIX_PATH=${CMAKE_PREFIX_PATH}:/opt/ros/humble /usr/bin/cmake --build /home/akash/ros2_ws/build/simple_car -- -j12 -l12
[0.529s] Invoked command in '/home/akash/ros2_ws/build/simple_car' returned '0': CMAKE_PREFIX_PATH=${CMAKE_PREFIX_PATH}:/opt/ros/humble /usr/bin/cmake --build /home/akash/ros2_ws/build/simple_car -- -j12 -l12
[0.552s] Invoking command in '/home/akash/ros2_ws/build/simple_car': CMAKE_PREFIX_PATH=${CMAKE_PREFIX_PATH}:/opt/ros/humble /usr/bin/cmake --install /home/akash/ros2_ws/build/simple_car
[0.557s] -- Install configuration: ""
[0.557s] -- Installing: /home/akash/ros2_ws/install/simple_car/share/simple_car//launch
[0.557s] -- Installing: /home/akash/ros2_ws/install/simple_car/share/simple_car//launch/sim_car.launch.py
[0.557s] -- Installing: /home/akash/ros2_ws/install/simple_car/share/simple_car//urdf
[0.557s] -- Installing: /home/akash/ros2_ws/install/simple_car/share/simple_car//urdf/simple_car.urdf
[0.558s] -- Installing: /home/akash/ros2_ws/install/simple_car/share/ament_index/resource_index/package_run_dependencies/simple_car
[0.558s] -- Installing: /home/akash/ros2_ws/install/simple_car/share/ament_index/resource_index/parent_prefix_path/simple_car
[0.558s] -- Installing: /home/akash/ros2_ws/install/simple_car/share/simple_car/environment/ament_prefix_path.sh
[0.558s] -- Installing: /home/akash/ros2_ws/install/simple_car/share/simple_car/environment/ament_prefix_path.dsv
[0.558s] -- Installing: /home/akash/ros2_ws/install/simple_car/share/simple_car/environment/path.sh
[0.558s] -- Installing: /home/akash/ros2_ws/install/simple_car/share/simple_car/environment/path.dsv
[0.558s] -- Installing: /home/akash/ros2_ws/install/simple_car/share/simple_car/local_setup.bash
[0.558s] -- Installing: /home/akash/ros2_ws/install/simple_car/share/simple_car/local_setup.sh
[0.558s] -- Installing: /home/akash/ros2_ws/install/simple_car/share/simple_car/local_setup.zsh
[0.558s] -- Installing: /home/akash/ros2_ws/install/simple_car/share/simple_car/local_setup.dsv
[0.558s] -- Installing: /home/akash/ros2_ws/install/simple_car/share/simple_car/package.dsv
[0.558s] -- Installing: /home/akash/ros2_ws/install/simple_car/share/ament_index/resource_index/packages/simple_car
[0.558s] -- Installing: /home/akash/ros2_ws/install/simple_car/share/simple_car/cmake/simple_carConfig.cmake
[0.558s] -- Installing: /home/akash/ros2_ws/install/simple_car/share/simple_car/cmake/simple_carConfig-version.cmake
[0.558s] -- Installing: /home/akash/ros2_ws/install/simple_car/share/simple_car/package.xml
[0.560s] Invoked command in '/home/akash/ros2_ws/build/simple_car' returned '0': CMAKE_PREFIX_PATH=${CMAKE_PREFIX_PATH}:/opt/ros/humble /usr/bin/cmake --install /home/akash/ros2_ws/build/simple_car
